<?xml version="1.0" encoding="UTF-8"?>
<!-- Generated by org.testng.reporters.JUnitReportReporter -->
<testsuite hostname="DESKTOP-2BENLPR" failures="0" tests="1" name="testCases.TC_004_SearchProductTest" time="6.145" errors="0" timestamp="2024-05-10T11:21:29 IST" skipped="0">
  <testcase classname="testCases.TC_004_SearchProductTest" name="verify_pruductSearch" time="6.145"/>
  <system-out/>
</testsuite> <!-- testCases.TC_004_SearchProductTest -->
