<?xml version="1.0" encoding="UTF-8"?>
<!-- Generated by org.testng.reporters.JUnitReportReporter -->
<testsuite hostname="DESKTOP-2BENLPR" failures="0" tests="1" name="testCases.TC_001_AccountRegistrationTest" time="12.070" errors="0" timestamp="2024-05-09T17:16:58 IST" skipped="0">
  <testcase classname="testCases.TC_001_AccountRegistrationTest" name="verify_account_registration" time="12.070"/>
  <system-out/>
</testsuite> <!-- testCases.TC_001_AccountRegistrationTest -->
