<?xml version="1.0" encoding="UTF-8"?>
<!-- Generated by org.testng.reporters.JUnitReportReporter -->
<testsuite hostname="DESKTOP-2BENLPR" failures="0" tests="1" name="testCases.TC_002_LoginTest" time="8.999" errors="0" timestamp="2024-05-10T11:18:42 IST" skipped="0">
  <testcase classname="testCases.TC_002_LoginTest" name="verify_login" time="8.999"/>
  <system-out/>
</testsuite> <!-- testCases.TC_002_LoginTest -->
